0 info it worked if it ends with ok
1 verbose cli [ '/home/lulu/.nvm/v0.10.32/bin/node',
1 verbose cli   '/home/lulu/.nvm/v0.10.32/bin/npm',
1 verbose cli   'rebuild',
1 verbose cli   'phantomjs-prebuilt' ]
2 info using npm@1.4.28
3 info using node@v0.10.32
4 info readInstalled object
5 verbose rebuild path, id [ '/home/lulu/gnss-beta/node_modules/phantomjs-prebuilt',
5 verbose rebuild   'phantomjs-prebuilt@2.1.13' ]
6 silly rebuild set [ '/home/lulu/gnss-beta/node_modules/phantomjs-prebuilt' ]
7 info build /home/lulu/gnss-beta/node_modules/phantomjs-prebuilt
8 info preinstall phantomjs-prebuilt@2.1.13
9 verbose linkStuff [ false, false, false, '/home/lulu/gnss-beta/node_modules' ]
10 info linkStuff phantomjs-prebuilt@2.1.13
11 verbose linkBins phantomjs-prebuilt@2.1.13
12 verbose link bins [ { phantomjs: './bin/phantomjs' },
12 verbose link bins   '/home/lulu/gnss-beta/node_modules/.bin',
12 verbose link bins   false ]
13 verbose linkMans phantomjs-prebuilt@2.1.13
14 verbose rebuildBundles phantomjs-prebuilt@2.1.13
15 verbose rebuildBundles [ '.bin',
15 verbose rebuildBundles   'es6-promise',
15 verbose rebuildBundles   'node-uuid',
15 verbose rebuildBundles   'qs',
15 verbose rebuildBundles   'request',
15 verbose rebuildBundles   'tunnel-agent' ]
16 verbose rebuild bundle /home/lulu/gnss-beta/node_modules/phantomjs-prebuilt/node_modules/node-uuid
17 info build /home/lulu/gnss-beta/node_modules/phantomjs-prebuilt/node_modules/node-uuid
18 info preinstall node-uuid@1.4.8
19 verbose linkStuff [ false,
19 verbose linkStuff   false,
19 verbose linkStuff   false,
19 verbose linkStuff   '/home/lulu/gnss-beta/node_modules/phantomjs-prebuilt/node_modules' ]
20 info linkStuff node-uuid@1.4.8
21 verbose linkBins node-uuid@1.4.8
22 verbose link bins [ { uuid: './bin/uuid' },
22 verbose link bins   '/home/lulu/gnss-beta/node_modules/phantomjs-prebuilt/node_modules/.bin',
22 verbose link bins   false ]
23 verbose linkMans node-uuid@1.4.8
24 verbose rebuildBundles node-uuid@1.4.8
25 info install node-uuid@1.4.8
26 info postinstall node-uuid@1.4.8
27 verbose rebuild bundle /home/lulu/gnss-beta/node_modules/phantomjs-prebuilt/node_modules/qs
28 info build /home/lulu/gnss-beta/node_modules/phantomjs-prebuilt/node_modules/qs
29 info preinstall qs@6.2.3
30 verbose linkStuff [ false,
30 verbose linkStuff   false,
30 verbose linkStuff   false,
30 verbose linkStuff   '/home/lulu/gnss-beta/node_modules/phantomjs-prebuilt/node_modules' ]
31 info linkStuff qs@6.2.3
32 verbose linkBins qs@6.2.3
33 verbose linkMans qs@6.2.3
34 verbose rebuildBundles qs@6.2.3
35 info install qs@6.2.3
36 info postinstall qs@6.2.3
37 verbose rebuild bundle /home/lulu/gnss-beta/node_modules/phantomjs-prebuilt/node_modules/tunnel-agent
38 info build /home/lulu/gnss-beta/node_modules/phantomjs-prebuilt/node_modules/tunnel-agent
39 info preinstall tunnel-agent@0.4.3
40 verbose linkStuff [ false,
40 verbose linkStuff   false,
40 verbose linkStuff   false,
40 verbose linkStuff   '/home/lulu/gnss-beta/node_modules/phantomjs-prebuilt/node_modules' ]
41 info linkStuff tunnel-agent@0.4.3
42 verbose linkBins tunnel-agent@0.4.3
43 verbose linkMans tunnel-agent@0.4.3
44 verbose rebuildBundles tunnel-agent@0.4.3
45 info install tunnel-agent@0.4.3
46 info postinstall tunnel-agent@0.4.3
47 info install phantomjs-prebuilt@2.1.13
48 verbose unsafe-perm in lifecycle true
49 info phantomjs-prebuilt@2.1.13 Failed to exec install script
50 error phantomjs-prebuilt@2.1.13 install: `node install.js`
50 error Exit status 1
51 error Failed at the phantomjs-prebuilt@2.1.13 install script.
51 error This is most likely a problem with the phantomjs-prebuilt package,
51 error not with npm itself.
51 error Tell the author that this fails on your system:
51 error     node install.js
51 error You can get their info via:
51 error     npm owner ls phantomjs-prebuilt
51 error There is likely additional logging output above.
52 error System Linux 4.8.0-56-generic
53 error command "/home/lulu/.nvm/v0.10.32/bin/node" "/home/lulu/.nvm/v0.10.32/bin/npm" "rebuild" "phantomjs-prebuilt"
54 error cwd /home/lulu/gnss-beta
55 error node -v v0.10.32
56 error npm -v 1.4.28
57 error code ELIFECYCLE
58 verbose exit [ 1, true ]
