0 info it worked if it ends with ok
1 verbose cli [ '/Users/chen/.nvm/versions/node/v6.10.3/bin/node',
1 verbose cli   '/Users/chen/.nvm/versions/node/v6.10.3/bin/npm',
1 verbose cli   'install',
1 verbose cli   'highcharts-export-server' ]
2 info using npm@3.10.10
3 info using node@v6.10.3
4 silly loadCurrentTree Starting
5 silly install loadCurrentTree
6 silly install readLocalPackageData
7 silly rollbackFailedOptional Starting
8 silly rollbackFailedOptional Finishing
9 silly runTopLevelLifecycles Finishing
10 silly install printInstalled
11 verbose stack Error: Failed to parse json
11 verbose stack No value found for key highcharts-export-server at 31:32
11 verbose stack     "highcharts-export-server":'*'
11 verbose stack                                ^
11 verbose stack     at parseError (/Users/chen/.nvm/versions/node/v6.10.3/lib/node_modules/npm/node_modules/read-package-json/read-json.js:390:11)
11 verbose stack     at parseJson (/Users/chen/.nvm/versions/node/v6.10.3/lib/node_modules/npm/node_modules/read-package-json/read-json.js:79:23)
11 verbose stack     at /Users/chen/.nvm/versions/node/v6.10.3/lib/node_modules/npm/node_modules/read-package-json/read-json.js:48:5
11 verbose stack     at /Users/chen/.nvm/versions/node/v6.10.3/lib/node_modules/npm/node_modules/graceful-fs/graceful-fs.js:78:16
11 verbose stack     at tryToString (fs.js:456:3)
11 verbose stack     at FSReqWrap.readFileAfterClose [as oncomplete] (fs.js:443:12)
12 verbose cwd /Users/chen/2016work/new_gnss/gnss-beta/server/config
13 error Darwin 15.6.0
14 error argv "/Users/chen/.nvm/versions/node/v6.10.3/bin/node" "/Users/chen/.nvm/versions/node/v6.10.3/bin/npm" "install" "highcharts-export-server"
15 error node v6.10.3
16 error npm  v3.10.10
17 error file /Users/chen/2016work/new_gnss/gnss-beta/package.json
18 error code EJSONPARSE
19 error Failed to parse json
19 error No value found for key highcharts-export-server at 31:32
19 error     "highcharts-export-server":'*'
19 error                                ^
20 error File: /Users/chen/2016work/new_gnss/gnss-beta/package.json
21 error Failed to parse package.json data.
21 error package.json must be actual JSON, not just JavaScript.
21 error
21 error This is not a bug in npm.
21 error Tell the package author to fix their package.json file. JSON.parse
22 verbose exit [ 1, true ]
